<?xml version="1.0" encoding="UTF-8"?>
<robot generator="Robot 5.0.1 (Python 3.10.12 on win32)" generated="20231201 17:02:44.787" rpa="false" schemaversion="3">
<suite id="s1" name="Script" source="c:\Users\winah\OneDrive\Documents\Automation-Antikode\Test\script.robot">
<test id="s1-t1" name="Scenario: Add Product to Cart" line="6">
<kw name="Given user open browser" library="resource">
<kw name="Evaluate" library="BuiltIn">
<var>${chrome_options}</var>
<arg>sys.modules['selenium.webdriver'].ChromeOptions()</arg>
<arg>sys</arg>
<doc>Evaluates the given expression in Python and returns the result.</doc>
<msg timestamp="20231201 17:02:45.102" level="INFO">${chrome_options} = &lt;selenium.webdriver.chrome.options.Options object at 0x00000210FF2A73A0&gt;</msg>
<status status="PASS" starttime="20231201 17:02:45.101" endtime="20231201 17:02:45.104"/>
</kw>
<kw name="Call Method" library="BuiltIn">
<arg>${chrome_options}</arg>
<arg>add_argument</arg>
<arg>--disable-notifications</arg>
<doc>Calls the named method of the given object with the provided arguments.</doc>
<status status="PASS" starttime="20231201 17:02:45.105" endtime="20231201 17:02:45.105"/>
</kw>
<kw name="Open Browser" library="SeleniumLibrary">
<arg>${base_url}</arg>
<arg>${browser}</arg>
<arg>chrome_options=${chrome_options}</arg>
<doc>Opens a new browser instance to the optional ``url``.</doc>
<msg timestamp="20231201 17:02:45.107" level="INFO">Opening browser 'Chrome' to base url 'https://sepatucompass.com/'.</msg>
<status status="PASS" starttime="20231201 17:02:45.106" endtime="20231201 17:02:48.082"/>
</kw>
<kw name="Maximize Browser Window" library="SeleniumLibrary">
<doc>Maximizes current browser window.</doc>
<status status="PASS" starttime="20231201 17:02:48.082" endtime="20231201 17:02:48.194"/>
</kw>
<status status="PASS" starttime="20231201 17:02:45.100" endtime="20231201 17:02:48.194"/>
</kw>
<kw name="When user register in web" library="resource">
<kw name="Wait Until Element Is Visible" library="SeleniumLibrary">
<arg>${popup_close}</arg>
<arg>timeout= 10s</arg>
<doc>Waits until the element ``locator`` is visible.</doc>
<status status="PASS" starttime="20231201 17:02:48.194" endtime="20231201 17:02:55.025"/>
</kw>
<kw name="Click Element" library="SeleniumLibrary">
<arg>${popup_close}</arg>
<doc>Click the element identified by ``locator``.</doc>
<msg timestamp="20231201 17:02:55.025" level="INFO">Clicking element '//div[@class='close']'.</msg>
<status status="PASS" starttime="20231201 17:02:55.025" endtime="20231201 17:02:55.113"/>
</kw>
<kw name="Click Element" library="SeleniumLibrary">
<arg>${button_login}</arg>
<doc>Click the element identified by ``locator``.</doc>
<msg timestamp="20231201 17:02:55.113" level="INFO">Clicking element '//a[@class='nav-link account-button']'.</msg>
<status status="PASS" starttime="20231201 17:02:55.113" endtime="20231201 17:02:55.729"/>
</kw>
<kw name="Wait Until Element Is Visible" library="SeleniumLibrary">
<arg>${button_register}</arg>
<doc>Waits until the element ``locator`` is visible.</doc>
<status status="PASS" starttime="20231201 17:02:55.729" endtime="20231201 17:02:56.200"/>
</kw>
<kw name="Click Button" library="SeleniumLibrary">
<arg>${button_register}</arg>
<doc>Clicks the button identified by ``locator``.</doc>
<msg timestamp="20231201 17:02:56.200" level="INFO">Clicking button '//*[@id="__next"]/main/div/div[2]/div/div/div/div[1]/div[2]/button'.</msg>
<status status="PASS" starttime="20231201 17:02:56.200" endtime="20231201 17:02:56.291"/>
</kw>
<kw name="Input Text" library="SeleniumLibrary">
<arg>${input_name}</arg>
<arg>${name}</arg>
<doc>Types the given ``text`` into the text field identified by ``locator``.</doc>
<msg timestamp="20231201 17:02:56.291" level="INFO">Typing text 'dedi baskoro' into text field '//input[@id='name']'.</msg>
<status status="PASS" starttime="20231201 17:02:56.291" endtime="20231201 17:02:56.439"/>
</kw>
<kw name="Input Text" library="SeleniumLibrary">
<arg>${input_phone}</arg>
<arg>${phone}</arg>
<doc>Types the given ``text`` into the text field identified by ``locator``.</doc>
<msg timestamp="20231201 17:02:56.439" level="INFO">Typing text '082210346652' into text field '//input[@id='mobileNumber']'.</msg>
<status status="PASS" starttime="20231201 17:02:56.439" endtime="20231201 17:02:56.561"/>
</kw>
<kw name="Input Text" library="SeleniumLibrary">
<arg>${input_dob}</arg>
<arg>${dob}</arg>
<doc>Types the given ``text`` into the text field identified by ``locator``.</doc>
<msg timestamp="20231201 17:02:56.562" level="INFO">Typing text '22121995' into text field '//input[@id='dob']'.</msg>
<status status="PASS" starttime="20231201 17:02:56.561" endtime="20231201 17:02:56.658"/>
</kw>
<kw name="Input Text" library="SeleniumLibrary">
<arg>${input_password}</arg>
<arg>${pwd}</arg>
<doc>Types the given ``text`` into the text field identified by ``locator``.</doc>
<msg timestamp="20231201 17:02:56.661" level="INFO">Typing text 'wina2212' into text field '//label[text()='Password']'.</msg>
<msg timestamp="20231201 17:02:57.358" level="INFO" html="true">&lt;/td&gt;&lt;/tr&gt;&lt;tr&gt;&lt;td colspan="3"&gt;&lt;a href="selenium-screenshot-56.png"&gt;&lt;img src="selenium-screenshot-56.png" width="800px"&gt;&lt;/a&gt;</msg>
<msg timestamp="20231201 17:02:57.358" level="FAIL">InvalidElementStateException: Message: invalid element state
  (Session info: chrome=119.0.6045.199)
Stacktrace:
	GetHandleVerifier [0x00007FF6A72D82B2+55298]
	(No symbol) [0x00007FF6A7245E02]
	(No symbol) [0x00007FF6A710045D]
	(No symbol) [0x00007FF6A7139D2A]
	(No symbol) [0x00007FF6A71620AA]
	(No symbol) [0x00007FF6A71380CF]
	(No symbol) [0x00007FF6A71622C0]
	(No symbol) [0x00007FF6A717AAA4]
	(No symbol) [0x00007FF6A7161E83]
	(No symbol) [0x00007FF6A713670A]
	(No symbol) [0x00007FF6A7137964]
	GetHandleVerifier [0x00007FF6A7650AAB+3694587]
	GetHandleVerifier [0x00007FF6A76A728E+4048862]
	GetHandleVerifier [0x00007FF6A769F173+4015811]
	GetHandleVerifier [0x00007FF6A73747D6+695590]
	(No symbol) [0x00007FF6A7250CE8]
	(No symbol) [0x00007FF6A724CF34]
	(No symbol) [0x00007FF6A724D062]
	(No symbol) [0x00007FF6A723D3A3]
	BaseThreadInitThunk [0x00007FF8668C7344+20]
	RtlUserThreadStart [0x00007FF866F226B1+33]
</msg>
<status status="FAIL" starttime="20231201 17:02:56.660" endtime="20231201 17:02:57.377"/>
</kw>
<kw name="Wait Until Element Is Enabled" library="SeleniumLibrary">
<arg>${button_submit}</arg>
<doc>Waits until the element ``locator`` is enabled.</doc>
<status status="NOT RUN" starttime="20231201 17:02:57.377" endtime="20231201 17:02:57.377"/>
</kw>
<status status="FAIL" starttime="20231201 17:02:48.194" endtime="20231201 17:02:57.377"/>
</kw>
<kw name="Then add product to cart" library="resource">
<status status="NOT RUN" starttime="20231201 17:02:57.382" endtime="20231201 17:02:57.382"/>
</kw>
<status status="FAIL" starttime="20231201 17:02:45.099" endtime="20231201 17:02:57.382">InvalidElementStateException: Message: invalid element state
  (Session info: chrome=119.0.6045.199)
Stacktrace:
	GetHandleVerifier [0x00007FF6A72D82B2+55298]
	(No symbol) [0x00007FF6A7245E02]
	(No symbol) [0x00007FF6A710045D]
	(No symbol) [0x00007FF6A7139D2A]
	(No symbol) [0x00007FF6A71620AA]
	(No symbol) [0x00007FF6A71380CF]
	(No symbol) [0x00007FF6A71622C0]
	(No symbol) [0x00007FF6A717AAA4]
	(No symbol) [0x00007FF6A7161E83]
	(No symbol) [0x00007FF6A713670A]
	(No symbol) [0x00007FF6A7137964]
	GetHandleVerifier [0x00007FF6A7650AAB+3694587]
	GetHandleVerifier [0x00007FF6A76A728E+4048862]
	GetHandleVerifier [0x00007FF6A769F173+4015811]
	GetHandleVerifier [0x00007FF6A73747D6+695590]
	(No symbol) [0x00007FF6A7250CE8]
	(No symbol) [0x00007FF6A724CF34]
	(No symbol) [0x00007FF6A724D062]
	(No symbol) [0x00007FF6A723D3A3]
	BaseThreadInitThunk [0x00007FF8668C7344+20]
	RtlUserThreadStart [0x00007FF866F226B1+33]
</status>
</test>
<status status="FAIL" starttime="20231201 17:02:44.798" endtime="20231201 17:02:57.387"/>
</suite>
<statistics>
<total>
<stat pass="0" fail="1" skip="0">All Tests</stat>
</total>
<tag>
</tag>
<suite>
<stat pass="0" fail="1" skip="0" id="s1" name="Script">Script</stat>
</suite>
</statistics>
<errors>
</errors>
</robot>
